\BOOKMARK [1][-]{section.1}{First Sample Split}{}% 1
\BOOKMARK [2][-]{subsection.1.1}{Testing for a Sample Split, Using GDP\1371960}{section.1}% 2
\BOOKMARK [2][-]{subsection.1.2}{Testing for a Sample Split, Using Literacy}{section.1}% 3
\BOOKMARK [2][-]{subsection.1.3}{Estimate Sample Split, Using GDP\1371960}{section.1}% 4
\BOOKMARK [3][-]{subsubsection.1.3.1}{Global OLS Estimation, Without Threshold}{subsection.1.3}% 5
\BOOKMARK [3][-]{subsubsection.1.3.2}{Threshold Estimation}{subsection.1.3}% 6
\BOOKMARK [1][-]{section.2}{Second Sample Split: Subsample, Incomes below 863}{}% 7
\BOOKMARK [2][-]{subsection.2.1}{Testing for a Sample Split, Using GDP\1371960}{section.2}% 8
\BOOKMARK [2][-]{subsection.2.2}{Testing for a Sample Split, Using Literacy}{section.2}% 9
\BOOKMARK [1][-]{section.3}{Second Sample Split: Subsample, Incomes above 863}{}% 10
\BOOKMARK [2][-]{subsection.3.1}{Testing for a Sample Split, Using GDP\1371960}{section.3}% 11
\BOOKMARK [2][-]{subsection.3.2}{Testing for a Sample Split, Using Literacy}{section.3}% 12
\BOOKMARK [2][-]{subsection.3.3}{Estimate Sample Split, Using Literacy}{section.3}% 13
\BOOKMARK [3][-]{subsubsection.3.3.1}{Global OLS Estimation, Without Threshold}{subsection.3.3}% 14
\BOOKMARK [3][-]{subsubsection.3.3.2}{Threshold Estimation}{subsection.3.3}% 15
\BOOKMARK [1][-]{section.4}{Third Sample Split: Subsample, Incomes above 863, Literacy below 45}{}% 16
\BOOKMARK [2][-]{subsection.4.1}{Testing for a Sample Split, Using GDP1960}{section.4}% 17
\BOOKMARK [2][-]{subsection.4.2}{Testing for a Sample Split, Using Literacy}{section.4}% 18
\BOOKMARK [1][-]{section.5}{Third Sample Split: Subsample, Incomes above 863, Literacy above 45}{}% 19
\BOOKMARK [2][-]{subsection.5.1}{Testing for a Sample Split, Using GDP1960}{section.5}% 20
\BOOKMARK [2][-]{subsection.5.2}{Testing for a Sample Split, Using Literacy}{section.5}% 21
